SF:lib/network/api_endpoints.dart
DA:6,1
DA:8,1
DA:13,1
DA:17,4
LF:4
LH:4
end_of_record
SF:lib/mvvm/models/forecast.dart
DA:9,5
DA:16,2
DA:17,2
DA:19,2
DA:20,2
DA:21,6
DA:22,2
DA:23,2
DA:24,2
DA:25,2
LF:10
LH:10
end_of_record
SF:lib/mvvm/models/forecast_item.dart
DA:7,5
DA:12,8
DA:14,3
DA:15,3
DA:17,3
DA:18,6
DA:19,6
DA:23,3
DA:34,12
DA:43,2
DA:44,2
DA:46,1
LF:12
LH:12
end_of_record
SF:lib/mvvm/models/forecast_main.dart
DA:9,6
DA:18,4
DA:19,4
DA:20,8
DA:21,8
DA:22,8
DA:23,8
DA:24,4
DA:25,4
LF:9
LH:9
end_of_record
SF:lib/network/ApiService.dart
DA:9,0
DA:11,0
DA:15,0
DA:18,0
DA:19,0
DA:23,0
DA:24,0
DA:26,0
DA:28,0
DA:29,0
DA:30,0
DA:35,0
DA:37,0
LF:13
LH:0
end_of_record
SF:lib/network/repository/forecast_repo.dart
DA:10,1
DA:12,1
DA:13,2
DA:15,1
DA:22,1
DA:23,1
DA:28,1
DA:29,1
DA:31,2
DA:32,1
DA:34,4
DA:35,4
DA:37,3
DA:39,1
DA:40,2
DA:41,1
DA:44,0
DA:45,0
DA:47,0
DA:48,0
DA:49,0
DA:55,1
DA:56,2
DA:57,1
DA:58,1
DA:59,1
DA:60,1
LF:27
LH:22
end_of_record
SF:lib/mvvm/view_models/forecast_state.dart
DA:8,3
DA:14,2
DA:15,2
DA:18,3
DA:19,3
DA:22,3
DA:23,3
DA:26,3
DA:27,3
LF:9
LH:9
end_of_record
SF:lib/app_dependencies.dart
DA:9,0
DA:10,0
DA:11,0
DA:12,0
DA:13,0
LF:5
LH:0
end_of_record
SF:lib/services/location_services.dart
DA:5,0
DA:6,0
DA:8,0
DA:9,0
DA:12,0
DA:13,0
DA:16,0
DA:17,0
DA:20,0
DA:23,0
DA:26,0
DA:30,0
DA:32,0
DA:33,0
DA:36,0
DA:38,0
DA:39,0
DA:40,0
DA:44,0
DA:45,0
DA:50,0
DA:51,0
DA:53,0
DA:54,0
DA:55,0
LF:25
LH:0
end_of_record
SF:lib/mvvm/view_models/forecast_bloc.dart
DA:13,3
DA:15,1
DA:16,3
DA:19,1
DA:20,3
DA:23,2
DA:24,2
DA:25,3
DA:27,4
DA:31,0
DA:32,0
LF:11
LH:9
end_of_record
SF:lib/main.dart
DA:6,0
DA:7,0
DA:11,4
DA:13,0
DA:15,0
DA:17,0
DA:18,0
LF:7
LH:1
end_of_record
SF:lib/mvvm/views/screens/MainScreen.dart
DA:14,1
DA:16,1
DA:17,1
DA:22,1
DA:24,1
DA:25,3
DA:28,1
DA:30,3
DA:31,1
DA:34,1
DA:36,1
DA:37,3
DA:38,1
DA:39,1
DA:41,1
DA:47,1
DA:48,1
DA:49,3
DA:53,1
DA:54,2
DA:56,1
DA:57,1
DA:58,1
DA:59,1
DA:61,1
DA:62,2
DA:66,1
DA:67,1
DA:71,1
DA:72,1
DA:74,1
DA:80,1
DA:82,1
DA:84,1
DA:85,1
DA:87,2
DA:88,1
DA:89,1
DA:91,3
LF:39
LH:39
end_of_record
SF:lib/mvvm/views/helper_views/temperature_card.dart
DA:12,2
DA:14,2
DA:16,2
DA:17,2
DA:21,2
DA:23,2
DA:25,2
DA:27,2
DA:30,2
DA:31,2
DA:33,2
DA:34,4
DA:39,2
DA:41,2
DA:43,2
DA:44,2
DA:49,2
DA:50,8
DA:64,2
DA:65,4
LF:20
LH:20
end_of_record
